<?xml version="1.0" encoding="UTF-8"?>
<testng-results ignored="1" total="7" passed="5" failed="1" skipped="0">
  <reporter-output>
  </reporter-output>
  <suite started-at="2022-12-23T14:48:29 IST" name="Suite" finished-at="2022-12-23T14:48:29 IST" duration-ms="70">
    <groups>
    </groups>
    <test started-at="2022-12-23T14:48:29 IST" name="dept-1" finished-at="2022-12-23T14:48:29 IST" duration-ms="24">
      <class name="test.classB">
        <test-method is-config="true" signature="preRequisite()[pri:0, instance:test.classB@550ee7e5]" started-at="2022-12-23T14:48:29 IST" name="preRequisite" finished-at="2022-12-23T14:48:29 IST" duration-ms="0" status="PASS">
          <reporter-output>
          </reporter-output>
        </test-method> <!-- preRequisite -->
        <test-method signature="test3ClassB(java.lang.String,java.lang.String)[pri:0, instance:test.classB@550ee7e5]" started-at="2022-12-23T14:48:29 IST" name="test3ClassB" data-provider="getData" finished-at="2022-12-23T14:48:29 IST" duration-ms="0" status="PASS">
          <params>
            <param index="0">
              <value>
                <![CDATA[shivani]]>
              </value>
            </param>
            <param index="1">
              <value>
                <![CDATA[S@123]]>
              </value>
            </param>
          </params>
          <reporter-output>
          </reporter-output>
        </test-method> <!-- test3ClassB -->
        <test-method signature="test3ClassB(java.lang.String,java.lang.String)[pri:0, instance:test.classB@550ee7e5]" started-at="2022-12-23T14:48:29 IST" name="test3ClassB" data-provider="getData" finished-at="2022-12-23T14:48:29 IST" duration-ms="0" status="PASS">
          <params>
            <param index="0">
              <value>
                <![CDATA[shivani2.0]]>
              </value>
            </param>
            <param index="1">
              <value>
                <![CDATA[S@123]]>
              </value>
            </param>
          </params>
          <reporter-output>
          </reporter-output>
        </test-method> <!-- test3ClassB -->
        <test-method signature="test3ClassB(java.lang.String,java.lang.String)[pri:0, instance:test.classB@550ee7e5]" started-at="2022-12-23T14:48:29 IST" name="test3ClassB" data-provider="getData" finished-at="2022-12-23T14:48:29 IST" duration-ms="0" status="PASS">
          <params>
            <param index="0">
              <value>
                <![CDATA[shivani3.0]]>
              </value>
            </param>
            <param index="1">
              <value>
                <![CDATA[S@123]]>
              </value>
            </param>
          </params>
          <reporter-output>
          </reporter-output>
        </test-method> <!-- test3ClassB -->
      </class> <!-- test.classB -->
      <class name="test.classA">
        <test-method signature="demo(java.lang.String)[pri:0, instance:test.classA@19d481b]" started-at="2022-12-23T14:48:29 IST" name="demo" finished-at="2022-12-23T14:48:29 IST" duration-ms="2" status="PASS">
          <params>
            <param index="0">
              <value>
                <![CDATA[https://abcd.com]]>
              </value>
            </param>
          </params>
          <reporter-output>
          </reporter-output>
        </test-method> <!-- demo -->
        <test-method signature="test2()[pri:0, instance:test.classA@19d481b]" started-at="2022-12-23T14:48:29 IST" name="test2" finished-at="2022-12-23T14:48:29 IST" duration-ms="0" status="PASS">
          <reporter-output>
          </reporter-output>
        </test-method> <!-- test2 -->
      </class> <!-- test.classA -->
    </test> <!-- dept-1 -->
    <test started-at="2022-12-23T14:48:29 IST" name="dept-2" finished-at="2022-12-23T14:48:29 IST" duration-ms="4">
      <class name="test.class1">
        <test-method is-config="true" signature="bfSuite()[pri:0, instance:test.class1@32ee6fee]" started-at="2022-12-23T14:48:29 IST" name="bfSuite" finished-at="2022-12-23T14:48:29 IST" duration-ms="4" status="PASS">
          <reporter-output>
          </reporter-output>
        </test-method> <!-- bfSuite -->
        <test-method signature="webLogin()[pri:0, instance:test.class1@32ee6fee]" started-at="2022-12-23T14:48:29 IST" name="webLogin" finished-at="2022-12-23T14:48:29 IST" duration-ms="2" status="FAIL">
          <exception class="java.lang.AssertionError">
            <message>
              <![CDATA[expected [true] but found [false]]]>
            </message>
            <full-stacktrace>
              <![CDATA[java.lang.AssertionError: expected [true] but found [false]
at org.testng.Assert.fail(Assert.java:99)
at org.testng.Assert.failNotEquals(Assert.java:1037)
at org.testng.Assert.assertTrue(Assert.java:45)
at org.testng.Assert.assertTrue(Assert.java:55)
at test.class1.webLogin(class1.java:13)
at java.base/jdk.internal.reflect.NativeMethodAccessorImpl.invoke0(Native Method)
at java.base/jdk.internal.reflect.NativeMethodAccessorImpl.invoke(NativeMethodAccessorImpl.java:77)
at java.base/jdk.internal.reflect.DelegatingMethodAccessorImpl.invoke(DelegatingMethodAccessorImpl.java:43)
at java.base/java.lang.reflect.Method.invoke(Method.java:568)
at org.testng.internal.MethodInvocationHelper.invokeMethod(MethodInvocationHelper.java:133)
at org.testng.internal.TestInvoker.invokeMethod(TestInvoker.java:598)
at org.testng.internal.TestInvoker.invokeTestMethod(TestInvoker.java:173)
at org.testng.internal.MethodRunner.runInSequence(MethodRunner.java:46)
at org.testng.internal.TestInvoker$MethodInvocationAgent.invoke(TestInvoker.java:824)
at org.testng.internal.TestInvoker.invokeTestMethods(TestInvoker.java:146)
at org.testng.internal.TestMethodWorker.invokeTestMethods(TestMethodWorker.java:146)
at org.testng.internal.TestMethodWorker.run(TestMethodWorker.java:128)
at java.base/java.util.ArrayList.forEach(ArrayList.java:1511)
at org.testng.TestRunner.privateRun(TestRunner.java:794)
at org.testng.TestRunner.run(TestRunner.java:596)
at org.testng.SuiteRunner.runTest(SuiteRunner.java:377)
at org.testng.SuiteRunner.runSequentially(SuiteRunner.java:371)
at org.testng.SuiteRunner.privateRun(SuiteRunner.java:332)
at org.testng.SuiteRunner.run(SuiteRunner.java:276)
at org.testng.SuiteRunnerWorker.runSuite(SuiteRunnerWorker.java:53)
at org.testng.SuiteRunnerWorker.run(SuiteRunnerWorker.java:96)
at org.testng.TestNG.runSuitesSequentially(TestNG.java:1212)
at org.testng.TestNG.runSuitesLocally(TestNG.java:1134)
at org.testng.TestNG.runSuites(TestNG.java:1063)
at org.testng.TestNG.run(TestNG.java:1031)
at org.testng.remote.AbstractRemoteTestNG.run(AbstractRemoteTestNG.java:115)
at org.testng.remote.RemoteTestNG.initAndRun(RemoteTestNG.java:251)
at org.testng.remote.RemoteTestNG.main(RemoteTestNG.java:77)
]]>
            </full-stacktrace>
          </exception> <!-- java.lang.AssertionError -->
          <reporter-output>
          </reporter-output>
        </test-method> <!-- webLogin -->
        <test-method is-config="true" signature="afSuite()[pri:0, instance:test.class1@32ee6fee]" started-at="2022-12-23T14:48:29 IST" name="afSuite" finished-at="2022-12-23T14:48:29 IST" duration-ms="0" status="PASS">
          <reporter-output>
          </reporter-output>
        </test-method> <!-- afSuite -->
      </class> <!-- test.class1 -->
    </test> <!-- dept-2 -->
  </suite> <!-- Suite -->
</testng-results>
